Looking for git in: git
Using git 2.29.2 from git
> git rev-parse --git-dir
Open repository: /root/tryhackme
> git status -z -u
> git check-ignore -v -z --stdin
> git symbolic-ref --short HEAD
> git rev-parse main
> git rev-parse --symbolic-full-name main@{u}
> git rev-list --left-right main...refs/remotes/origin/main
> git for-each-ref --sort -committerdate --format %(refname) %(objectname) %(*objectname)
> git remote --verbose
> git config --get commit.template
> git show --textconv :Offensive_LP/blue/blue.nmap
> git ls-files --stage -- /root/tryhackme/Offensive_LP/blue/blue.nmap
> git status -z -u
> git symbolic-ref --short HEAD
> git rev-parse main
> git rev-parse --symbolic-full-name main@{u}
> git rev-list --left-right main...refs/remotes/origin/main
> git for-each-ref --sort -committerdate --format %(refname) %(objectname) %(*objectname)
> git remote --verbose
> git config --get commit.template
> git status -z -u
> git symbolic-ref --short HEAD
> git rev-parse main
> git rev-parse --symbolic-full-name main@{u}
> git rev-list --left-right main...refs/remotes/origin/main
> git for-each-ref --sort -committerdate --format %(refname) %(objectname) %(*objectname)
> git remote --verbose
> git config --get commit.template
> git status -z -u
> git symbolic-ref --short HEAD
> git rev-parse main
> git rev-parse --symbolic-full-name main@{u}
> git rev-list --left-right main...refs/remotes/origin/main
> git for-each-ref --sort -committerdate --format %(refname) %(objectname) %(*objectname)
> git remote --verbose
> git config --get commit.template
> git status -z -u
> git symbolic-ref --short HEAD
> git rev-parse main
> git rev-parse --symbolic-full-name main@{u}
> git rev-list --left-right main...refs/remotes/origin/main
> git for-each-ref --sort -committerdate --format %(refname) %(objectname) %(*objectname)
> git remote --verbose
> git config --get commit.template
> git status -z -u
> git symbolic-ref --short HEAD
> git rev-parse main
> git rev-parse --symbolic-full-name main@{u}
> git rev-list --left-right main...refs/remotes/origin/main
> git for-each-ref --sort -committerdate --format %(refname) %(objectname) %(*objectname)
> git remote --verbose
> git config --get commit.template
> git status -z -u
> git symbolic-ref --short HEAD
> git rev-parse main
> git rev-parse --symbolic-full-name main@{u}
> git rev-list --left-right main...refs/remotes/origin/main
> git for-each-ref --sort -committerdate --format %(refname) %(objectname) %(*objectname)
> git remote --verbose
> git config --get commit.template
> git status -z -u
> git symbolic-ref --short HEAD
> git rev-parse main
> git rev-parse --symbolic-full-name main@{u}
> git rev-list --left-right main...refs/remotes/origin/main
> git for-each-ref --sort -committerdate --format %(refname) %(objectname) %(*objectname)
> git remote --verbose
> git config --get commit.template
> git status -z -u
> git symbolic-ref --short HEAD
> git rev-parse main
> git rev-parse --symbolic-full-name main@{u}
> git rev-list --left-right main...refs/remotes/origin/main
> git for-each-ref --sort -committerdate --format %(refname) %(objectname) %(*objectname)
> git remote --verbose
> git config --get commit.template
> git status -z -u
> git symbolic-ref --short HEAD
> git rev-parse main
> git rev-parse --symbolic-full-name main@{u}
> git rev-list --left-right main...refs/remotes/origin/main
> git for-each-ref --sort -committerdate --format %(refname) %(objectname) %(*objectname)
> git remote --verbose
> git config --get commit.template
> git status -z -u
> git symbolic-ref --short HEAD
> git rev-parse main
> git rev-parse --symbolic-full-name main@{u}
> git rev-list --left-right main...refs/remotes/origin/main
> git for-each-ref --sort -committerdate --format %(refname) %(objectname) %(*objectname)
> git remote --verbose
> git config --get commit.template
> git status -z -u
> git symbolic-ref --short HEAD
> git rev-parse main
> git rev-parse --symbolic-full-name main@{u}
> git rev-list --left-right main...refs/remotes/origin/main
> git for-each-ref --sort -committerdate --format %(refname) %(objectname) %(*objectname)
> git remote --verbose
> git config --get commit.template
> git status -z -u
> git symbolic-ref --short HEAD
> git rev-parse main
> git rev-parse --symbolic-full-name main@{u}
> git rev-list --left-right main...refs/remotes/origin/main
> git for-each-ref --sort -committerdate --format %(refname) %(objectname) %(*objectname)
> git remote --verbose
> git config --get commit.template
> git status -z -u
> git symbolic-ref --short HEAD
> git rev-parse main
> git rev-parse --symbolic-full-name main@{u}
> git rev-list --left-right main...refs/remotes/origin/main
> git for-each-ref --sort -committerdate --format %(refname) %(objectname) %(*objectname)
> git remote --verbose
> git config --get commit.template
> git status -z -u
> git symbolic-ref --short HEAD
> git rev-parse main
> git rev-parse --symbolic-full-name main@{u}
> git rev-list --left-right main...refs/remotes/origin/main
> git for-each-ref --sort -committerdate --format %(refname) %(objectname) %(*objectname)
> git remote --verbose
> git config --get commit.template
> git status -z -u
> git symbolic-ref --short HEAD
> git rev-parse main
> git rev-parse --symbolic-full-name main@{u}
> git rev-list --left-right main...refs/remotes/origin/main
> git for-each-ref --sort -committerdate --format %(refname) %(objectname) %(*objectname)
> git remote --verbose
> git config --get commit.template
> git status -z -u
> git symbolic-ref --short HEAD
> git rev-parse main
> git rev-parse --symbolic-full-name main@{u}
> git rev-list --left-right main...refs/remotes/origin/main
> git for-each-ref --sort -committerdate --format %(refname) %(objectname) %(*objectname)
> git remote --verbose
> git config --get commit.template
> git status -z -u
> git symbolic-ref --short HEAD
> git rev-parse main
> git rev-parse --symbolic-full-name main@{u}
> git rev-list --left-right main...refs/remotes/origin/main
> git for-each-ref --sort -committerdate --format %(refname) %(objectname) %(*objectname)
> git remote --verbose
> git config --get commit.template
> git status -z -u
> git symbolic-ref --short HEAD
> git rev-parse main
> git rev-parse --symbolic-full-name main@{u}
> git rev-list --left-right main...refs/remotes/origin/main
> git for-each-ref --sort -committerdate --format %(refname) %(objectname) %(*objectname)
> git remote --verbose
> git config --get commit.template
> git status -z -u
> git symbolic-ref --short HEAD
> git rev-parse main
> git rev-parse --symbolic-full-name main@{u}
> git rev-list --left-right main...refs/remotes/origin/main
> git for-each-ref --sort -committerdate --format %(refname) %(objectname) %(*objectname)
> git remote --verbose
> git config --get commit.template
> git status -z -u
> git symbolic-ref --short HEAD
> git rev-parse main
> git rev-parse --symbolic-full-name main@{u}
> git rev-list --left-right main...refs/remotes/origin/main
> git for-each-ref --sort -committerdate --format %(refname) %(objectname) %(*objectname)
> git remote --verbose
> git config --get commit.template
> git status -z -u
> git symbolic-ref --short HEAD
> git rev-parse main
> git rev-parse --symbolic-full-name main@{u}
> git rev-list --left-right main...refs/remotes/origin/main
> git for-each-ref --sort -committerdate --format %(refname) %(objectname) %(*objectname)
> git remote --verbose
> git config --get commit.template
> git status -z -u
> git symbolic-ref --short HEAD
> git rev-parse main
> git rev-parse --symbolic-full-name main@{u}
> git rev-list --left-right main...refs/remotes/origin/main
> git for-each-ref --sort -committerdate --format %(refname) %(objectname) %(*objectname)
> git remote --verbose
> git config --get commit.template
> git status -z -u
> git symbolic-ref --short HEAD
> git rev-parse main
> git rev-parse --symbolic-full-name main@{u}
> git rev-list --left-right main...refs/remotes/origin/main
> git for-each-ref --sort -committerdate --format %(refname) %(objectname) %(*objectname)
> git remote --verbose
> git config --get commit.template
> git status -z -u
> git symbolic-ref --short HEAD
> git rev-parse main
> git rev-parse --symbolic-full-name main@{u}
> git rev-list --left-right main...refs/remotes/origin/main
> git for-each-ref --sort -committerdate --format %(refname) %(objectname) %(*objectname)
> git remote --verbose
> git config --get commit.template
> git status -z -u
> git symbolic-ref --short HEAD
> git rev-parse main
> git rev-parse --symbolic-full-name main@{u}
> git rev-list --left-right main...refs/remotes/origin/main
> git for-each-ref --sort -committerdate --format %(refname) %(objectname) %(*objectname)
> git remote --verbose
> git config --get commit.template
> git status -z -u
> git symbolic-ref --short HEAD
> git rev-parse main
> git rev-parse --symbolic-full-name main@{u}
> git rev-list --left-right main...refs/remotes/origin/main
> git for-each-ref --sort -committerdate --format %(refname) %(objectname) %(*objectname)
> git remote --verbose
> git config --get commit.template
> git status -z -u
> git symbolic-ref --short HEAD
> git rev-parse main
> git rev-parse --symbolic-full-name main@{u}
> git rev-list --left-right main...refs/remotes/origin/main
> git for-each-ref --sort -committerdate --format %(refname) %(objectname) %(*objectname)
> git remote --verbose
> git config --get commit.template
> git show --textconv :Offensive_LP/blue/notes
> git ls-files --stage -- /root/tryhackme/Offensive_LP/blue/notes
> git check-ignore -v -z --stdin
> git status -z -u
> git symbolic-ref --short HEAD
> git rev-parse main
> git rev-parse --symbolic-full-name main@{u}
> git rev-list --left-right main...refs/remotes/origin/main
> git for-each-ref --sort -committerdate --format %(refname) %(objectname) %(*objectname)
> git remote --verbose
> git config --get commit.template
> git status -z -u
> git symbolic-ref --short HEAD
> git rev-parse main
> git rev-parse --symbolic-full-name main@{u}
> git rev-list --left-right main...refs/remotes/origin/main
> git for-each-ref --sort -committerdate --format %(refname) %(objectname) %(*objectname)
> git remote --verbose
> git config --get commit.template
> git status -z -u
> git symbolic-ref --short HEAD
> git rev-parse main
> git rev-parse --symbolic-full-name main@{u}
> git rev-list --left-right main...refs/remotes/origin/main
> git for-each-ref --sort -committerdate --format %(refname) %(objectname) %(*objectname)
> git remote --verbose
> git config --get commit.template
> git status -z -u
> git symbolic-ref --short HEAD
> git rev-parse main
> git rev-parse --symbolic-full-name main@{u}
> git rev-list --left-right main...refs/remotes/origin/main
> git for-each-ref --sort -committerdate --format %(refname) %(objectname) %(*objectname)
> git remote --verbose
> git config --get commit.template
> git status -z -u
> git symbolic-ref --short HEAD
> git rev-parse main
> git rev-parse --symbolic-full-name main@{u}
> git rev-list --left-right main...refs/remotes/origin/main
> git for-each-ref --sort -committerdate --format %(refname) %(objectname) %(*objectname)
> git remote --verbose
> git config --get commit.template
> git status -z -u
> git symbolic-ref --short HEAD
> git rev-parse main
> git rev-parse --symbolic-full-name main@{u}
> git rev-list --left-right main...refs/remotes/origin/main
> git for-each-ref --sort -committerdate --format %(refname) %(objectname) %(*objectname)
> git remote --verbose
> git config --get commit.template
> git show --textconv :Offensive_LP/blue/blue.nmap
> git ls-files --stage -- /root/tryhackme/Offensive_LP/blue/blue.nmap
> git status -z -u
> git symbolic-ref --short HEAD
> git rev-parse main
> git rev-parse --symbolic-full-name main@{u}
> git rev-list --left-right main...refs/remotes/origin/main
> git for-each-ref --sort -committerdate --format %(refname) %(objectname) %(*objectname)
> git remote --verbose
> git config --get commit.template
> git status -z -u
> git symbolic-ref --short HEAD
> git rev-parse main
> git rev-parse --symbolic-full-name main@{u}
> git rev-list --left-right main...refs/remotes/origin/main
> git for-each-ref --sort -committerdate --format %(refname) %(objectname) %(*objectname)
> git remote --verbose
> git config --get commit.template
> git status -z -u
> git symbolic-ref --short HEAD
> git rev-parse main
> git rev-parse --symbolic-full-name main@{u}
> git rev-list --left-right main...refs/remotes/origin/main
> git for-each-ref --sort -committerdate --format %(refname) %(objectname) %(*objectname)
> git remote --verbose
> git config --get commit.template
> git status -z -u
> git symbolic-ref --short HEAD
> git rev-parse main
> git rev-parse --symbolic-full-name main@{u}
> git rev-list --left-right main...refs/remotes/origin/main
> git for-each-ref --sort -committerdate --format %(refname) %(objectname) %(*objectname)
> git remote --verbose
> git config --get commit.template
> git status -z -u
> git symbolic-ref --short HEAD
> git rev-parse main
> git rev-parse --symbolic-full-name main@{u}
> git rev-list --left-right main...refs/remotes/origin/main
> git for-each-ref --sort -committerdate --format %(refname) %(objectname) %(*objectname)
> git remote --verbose
> git config --get commit.template
> git show --textconv :Offensive_LP/blue/notes
> git ls-files --stage -- /root/tryhackme/Offensive_LP/blue/notes
> git status -z -u
> git symbolic-ref --short HEAD
> git rev-parse main
> git rev-parse --symbolic-full-name main@{u}
> git rev-list --left-right main...refs/remotes/origin/main
> git for-each-ref --sort -committerdate --format %(refname) %(objectname) %(*objectname)
> git remote --verbose
> git config --get commit.template
> git status -z -u
> git symbolic-ref --short HEAD
> git rev-parse main
> git rev-parse --symbolic-full-name main@{u}
> git rev-list --left-right main...refs/remotes/origin/main
> git for-each-ref --sort -committerdate --format %(refname) %(objectname) %(*objectname)
> git remote --verbose
> git config --get commit.template
> git status -z -u
> git symbolic-ref --short HEAD
> git rev-parse main
> git rev-parse --symbolic-full-name main@{u}
> git rev-list --left-right main...refs/remotes/origin/main
> git for-each-ref --sort -committerdate --format %(refname) %(objectname) %(*objectname)
> git remote --verbose
> git config --get commit.template
> git status -z -u
> git symbolic-ref --short HEAD
> git rev-parse main
> git rev-parse --symbolic-full-name main@{u}
> git rev-list --left-right main...refs/remotes/origin/main
> git for-each-ref --sort -committerdate --format %(refname) %(objectname) %(*objectname)
> git remote --verbose
> git config --get commit.template
> git status -z -u
> git symbolic-ref --short HEAD
> git rev-parse main
> git rev-parse --symbolic-full-name main@{u}
> git rev-list --left-right main...refs/remotes/origin/main
> git for-each-ref --sort -committerdate --format %(refname) %(objectname) %(*objectname)
> git remote --verbose
> git config --get commit.template
> git status -z -u
> git symbolic-ref --short HEAD
> git rev-parse main
> git rev-parse --symbolic-full-name main@{u}
> git rev-list --left-right main...refs/remotes/origin/main
> git for-each-ref --sort -committerdate --format %(refname) %(objectname) %(*objectname)
> git remote --verbose
> git config --get commit.template
> git show --textconv :Offensive_LP/blue/blue.nmap
> git ls-files --stage -- /root/tryhackme/Offensive_LP/blue/blue.nmap
> git status -z -u
> git symbolic-ref --short HEAD
> git rev-parse main
> git rev-parse --symbolic-full-name main@{u}
> git rev-list --left-right main...refs/remotes/origin/main
> git for-each-ref --sort -committerdate --format %(refname) %(objectname) %(*objectname)
> git remote --verbose
> git config --get commit.template
> git status -z -u
> git symbolic-ref --short HEAD
> git rev-parse main
> git rev-parse --symbolic-full-name main@{u}
> git rev-list --left-right main...refs/remotes/origin/main
> git for-each-ref --sort -committerdate --format %(refname) %(objectname) %(*objectname)
> git remote --verbose
> git config --get commit.template
> git status -z -u
> git symbolic-ref --short HEAD
> git rev-parse main
> git rev-parse --symbolic-full-name main@{u}
> git rev-list --left-right main...refs/remotes/origin/main
> git for-each-ref --sort -committerdate --format %(refname) %(objectname) %(*objectname)
> git remote --verbose
> git config --get commit.template
> git show --textconv :Offensive_LP/blue/notes
> git ls-files --stage -- /root/tryhackme/Offensive_LP/blue/notes
> git status -z -u
> git symbolic-ref --short HEAD
> git rev-parse main
> git rev-parse --symbolic-full-name main@{u}
> git rev-list --left-right main...refs/remotes/origin/main
> git for-each-ref --sort -committerdate --format %(refname) %(objectname) %(*objectname)
> git remote --verbose
> git config --get commit.template
> git status -z -u
> git symbolic-ref --short HEAD
> git rev-parse main
> git rev-parse --symbolic-full-name main@{u}
> git rev-list --left-right main...refs/remotes/origin/main
> git for-each-ref --sort -committerdate --format %(refname) %(objectname) %(*objectname)
> git remote --verbose
> git config --get commit.template
> git show --textconv :Offensive_LP/blue/blue.nmap
> git ls-files --stage -- /root/tryhackme/Offensive_LP/blue/blue.nmap
> git status -z -u
> git symbolic-ref --short HEAD
> git rev-parse main
> git rev-parse --symbolic-full-name main@{u}
> git rev-list --left-right main...refs/remotes/origin/main
> git for-each-ref --sort -committerdate --format %(refname) %(objectname) %(*objectname)
> git remote --verbose
> git config --get commit.template
> git status -z -u
> git symbolic-ref --short HEAD
> git rev-parse main
> git rev-parse --symbolic-full-name main@{u}
> git rev-list --left-right main...refs/remotes/origin/main
> git for-each-ref --sort -committerdate --format %(refname) %(objectname) %(*objectname)
> git remote --verbose
> git config --get commit.template
> git status -z -u
> git symbolic-ref --short HEAD
> git rev-parse main
> git rev-parse --symbolic-full-name main@{u}
> git rev-list --left-right main...refs/remotes/origin/main
> git for-each-ref --sort -committerdate --format %(refname) %(objectname) %(*objectname)
> git remote --verbose
> git config --get commit.template
> git status -z -u
> git symbolic-ref --short HEAD
> git rev-parse main
> git rev-parse --symbolic-full-name main@{u}
> git rev-list --left-right main...refs/remotes/origin/main
> git for-each-ref --sort -committerdate --format %(refname) %(objectname) %(*objectname)
> git remote --verbose
> git config --get commit.template
> git status -z -u
> git symbolic-ref --short HEAD
> git rev-parse main
> git rev-parse --symbolic-full-name main@{u}
> git rev-list --left-right main...refs/remotes/origin/main
> git for-each-ref --sort -committerdate --format %(refname) %(objectname) %(*objectname)
> git remote --verbose
> git config --get commit.template
> git status -z -u
> git symbolic-ref --short HEAD
> git rev-parse main
> git rev-parse --symbolic-full-name main@{u}
> git rev-list --left-right main...refs/remotes/origin/main
> git for-each-ref --sort -committerdate --format %(refname) %(objectname) %(*objectname)
> git remote --verbose
> git config --get commit.template
> git status -z -u
> git symbolic-ref --short HEAD
> git rev-parse main
> git rev-parse --symbolic-full-name main@{u}
> git rev-list --left-right main...refs/remotes/origin/main
> git for-each-ref --sort -committerdate --format %(refname) %(objectname) %(*objectname)
> git remote --verbose
> git config --get commit.template
> git status -z -u
> git symbolic-ref --short HEAD
> git rev-parse main
> git rev-parse --symbolic-full-name main@{u}
> git rev-list --left-right main...refs/remotes/origin/main
> git for-each-ref --sort -committerdate --format %(refname) %(objectname) %(*objectname)
> git remote --verbose
> git config --get commit.template
> git status -z -u
> git symbolic-ref --short HEAD
> git rev-parse main
> git rev-parse --symbolic-full-name main@{u}
> git rev-list --left-right main...refs/remotes/origin/main
> git for-each-ref --sort -committerdate --format %(refname) %(objectname) %(*objectname)
> git remote --verbose
> git config --get commit.template
> git show --textconv :Offensive_LP/blue/notes
> git ls-files --stage -- /root/tryhackme/Offensive_LP/blue/notes
> git status -z -u
> git symbolic-ref --short HEAD
> git rev-parse main
> git rev-parse --symbolic-full-name main@{u}
> git rev-list --left-right main...refs/remotes/origin/main
> git for-each-ref --sort -committerdate --format %(refname) %(objectname) %(*objectname)
> git remote --verbose
> git config --get commit.template
> git show --textconv :Offensive_LP/blue/blue.nmap
> git ls-files --stage -- /root/tryhackme/Offensive_LP/blue/blue.nmap
> git status -z -u
> git symbolic-ref --short HEAD
> git rev-parse main
> git rev-parse --symbolic-full-name main@{u}
> git rev-list --left-right main...refs/remotes/origin/main
> git for-each-ref --sort -committerdate --format %(refname) %(objectname) %(*objectname)
> git remote --verbose
> git config --get commit.template
> git status -z -u
> git symbolic-ref --short HEAD
> git rev-parse main
> git rev-parse --symbolic-full-name main@{u}
> git rev-list --left-right main...refs/remotes/origin/main
> git for-each-ref --sort -committerdate --format %(refname) %(objectname) %(*objectname)
> git remote --verbose
> git config --get commit.template
> git status -z -u
> git symbolic-ref --short HEAD
> git rev-parse main
> git rev-parse --symbolic-full-name main@{u}
> git rev-list --left-right main...refs/remotes/origin/main
> git for-each-ref --sort -committerdate --format %(refname) %(objectname) %(*objectname)
> git remote --verbose
> git config --get commit.template
> git status -z -u
> git symbolic-ref --short HEAD
> git rev-parse main
> git rev-parse --symbolic-full-name main@{u}
> git rev-list --left-right main...refs/remotes/origin/main
> git for-each-ref --sort -committerdate --format %(refname) %(objectname) %(*objectname)
> git remote --verbose
> git config --get commit.template
> git status -z -u
> git symbolic-ref --short HEAD
> git rev-parse main
> git rev-parse --symbolic-full-name main@{u}
> git rev-list --left-right main...refs/remotes/origin/main
> git for-each-ref --sort -committerdate --format %(refname) %(objectname) %(*objectname)
> git remote --verbose
> git config --get commit.template
> git status -z -u
> git symbolic-ref --short HEAD
> git rev-parse main
> git rev-parse --symbolic-full-name main@{u}
> git rev-list --left-right main...refs/remotes/origin/main
> git for-each-ref --sort -committerdate --format %(refname) %(objectname) %(*objectname)
> git remote --verbose
> git config --get commit.template
> git show --textconv :Offensive_LP/blue/notes
> git ls-files --stage -- /root/tryhackme/Offensive_LP/blue/notes
> git status -z -u
> git symbolic-ref --short HEAD
> git rev-parse main
> git rev-parse --symbolic-full-name main@{u}
> git rev-list --left-right main...refs/remotes/origin/main
> git for-each-ref --sort -committerdate --format %(refname) %(objectname) %(*objectname)
> git remote --verbose
> git config --get commit.template
> git status -z -u
> git symbolic-ref --short HEAD
> git rev-parse main
> git rev-parse --symbolic-full-name main@{u}
> git rev-list --left-right main...refs/remotes/origin/main
> git for-each-ref --sort -committerdate --format %(refname) %(objectname) %(*objectname)
> git remote --verbose
> git config --get commit.template
> git status -z -u
> git symbolic-ref --short HEAD
> git rev-parse main
> git rev-parse --symbolic-full-name main@{u}
> git rev-list --left-right main...refs/remotes/origin/main
> git for-each-ref --sort -committerdate --format %(refname) %(objectname) %(*objectname)
> git remote --verbose
> git config --get commit.template
> git status -z -u
> git symbolic-ref --short HEAD
> git rev-parse main
> git rev-parse --symbolic-full-name main@{u}
> git rev-list --left-right main...refs/remotes/origin/main
> git for-each-ref --sort -committerdate --format %(refname) %(objectname) %(*objectname)
> git remote --verbose
> git config --get commit.template
> git show --textconv :Offensive_LP/blue/blue.nmap
> git ls-files --stage -- /root/tryhackme/Offensive_LP/blue/blue.nmap
> git status -z -u
> git symbolic-ref --short HEAD
> git rev-parse main
> git rev-parse --symbolic-full-name main@{u}
> git rev-list --left-right main...refs/remotes/origin/main
> git for-each-ref --sort -committerdate --format %(refname) %(objectname) %(*objectname)
> git remote --verbose
> git config --get commit.template
> git status -z -u
> git symbolic-ref --short HEAD
> git rev-parse main
> git rev-parse --symbolic-full-name main@{u}
> git rev-list --left-right main...refs/remotes/origin/main
> git for-each-ref --sort -committerdate --format %(refname) %(objectname) %(*objectname)
> git remote --verbose
> git config --get commit.template
> git show --textconv :Offensive_LP/blue/notes
> git ls-files --stage -- /root/tryhackme/Offensive_LP/blue/notes
> git status -z -u
> git symbolic-ref --short HEAD
> git rev-parse main
> git rev-parse --symbolic-full-name main@{u}
> git rev-list --left-right main...refs/remotes/origin/main
> git for-each-ref --sort -committerdate --format %(refname) %(objectname) %(*objectname)
> git remote --verbose
> git config --get commit.template
> git status -z -u
> git symbolic-ref --short HEAD
> git rev-parse main
> git rev-parse --symbolic-full-name main@{u}
> git rev-list --left-right main...refs/remotes/origin/main
> git for-each-ref --sort -committerdate --format %(refname) %(objectname) %(*objectname)
> git remote --verbose
> git config --get commit.template
> git status -z -u
> git symbolic-ref --short HEAD
> git rev-parse main
> git rev-parse --symbolic-full-name main@{u}
> git rev-list --left-right main...refs/remotes/origin/main
> git for-each-ref --sort -committerdate --format %(refname) %(objectname) %(*objectname)
> git remote --verbose
> git config --get commit.template
> git status -z -u
> git symbolic-ref --short HEAD
> git rev-parse main
> git rev-parse --symbolic-full-name main@{u}
> git rev-list --left-right main...refs/remotes/origin/main
> git for-each-ref --sort -committerdate --format %(refname) %(objectname) %(*objectname)
> git remote --verbose
> git config --get commit.template
> git status -z -u
> git symbolic-ref --short HEAD
> git rev-parse main
> git rev-parse --symbolic-full-name main@{u}
> git rev-list --left-right main...refs/remotes/origin/main
> git for-each-ref --sort -committerdate --format %(refname) %(objectname) %(*objectname)
> git remote --verbose
> git config --get commit.template
> git status -z -u
> git symbolic-ref --short HEAD
> git rev-parse main
> git rev-parse --symbolic-full-name main@{u}
> git rev-list --left-right main...refs/remotes/origin/main
> git for-each-ref --sort -committerdate --format %(refname) %(objectname) %(*objectname)
> git remote --verbose
> git config --get commit.template
> git status -z -u
> git symbolic-ref --short HEAD
> git rev-parse main
> git rev-parse --symbolic-full-name main@{u}
> git rev-list --left-right main...refs/remotes/origin/main
> git for-each-ref --sort -committerdate --format %(refname) %(objectname) %(*objectname)
> git remote --verbose
> git config --get commit.template
> git status -z -u
> git symbolic-ref --short HEAD
> git rev-parse main
> git rev-parse --symbolic-full-name main@{u}
> git rev-list --left-right main...refs/remotes/origin/main
> git for-each-ref --sort -committerdate --format %(refname) %(objectname) %(*objectname)
> git remote --verbose
> git config --get commit.template
> git status -z -u
> git symbolic-ref --short HEAD
> git rev-parse main
> git rev-parse --symbolic-full-name main@{u}
> git rev-list --left-right main...refs/remotes/origin/main
> git for-each-ref --sort -committerdate --format %(refname) %(objectname) %(*objectname)
> git remote --verbose
> git config --get commit.template
> git status -z -u
> git symbolic-ref --short HEAD
> git rev-parse main
> git rev-parse --symbolic-full-name main@{u}
> git rev-list --left-right main...refs/remotes/origin/main
> git for-each-ref --sort -committerdate --format %(refname) %(objectname) %(*objectname)
> git remote --verbose
> git config --get commit.template
> git status -z -u
> git symbolic-ref --short HEAD
> git rev-parse main
> git rev-parse --symbolic-full-name main@{u}
> git rev-list --left-right main...refs/remotes/origin/main
> git for-each-ref --sort -committerdate --format %(refname) %(objectname) %(*objectname)
> git remote --verbose
> git config --get commit.template
> git status -z -u
> git symbolic-ref --short HEAD
> git rev-parse main
> git rev-parse --symbolic-full-name main@{u}
> git rev-list --left-right main...refs/remotes/origin/main
> git for-each-ref --sort -committerdate --format %(refname) %(objectname) %(*objectname)
> git remote --verbose
> git config --get commit.template
> git status -z -u
> git symbolic-ref --short HEAD
> git rev-parse main
> git rev-parse --symbolic-full-name main@{u}
> git rev-list --left-right main...refs/remotes/origin/main
> git for-each-ref --sort -committerdate --format %(refname) %(objectname) %(*objectname)
> git remote --verbose
> git config --get commit.template
> git status -z -u
> git symbolic-ref --short HEAD
> git rev-parse main
> git rev-parse --symbolic-full-name main@{u}
> git rev-list --left-right main...refs/remotes/origin/main
> git for-each-ref --sort -committerdate --format %(refname) %(objectname) %(*objectname)
> git remote --verbose
> git config --get commit.template
> git status -z -u
> git symbolic-ref --short HEAD
> git rev-parse main
> git rev-parse --symbolic-full-name main@{u}
> git rev-list --left-right main...refs/remotes/origin/main
> git for-each-ref --sort -committerdate --format %(refname) %(objectname) %(*objectname)
> git remote --verbose
> git config --get commit.template
> git status -z -u
> git symbolic-ref --short HEAD
> git rev-parse main
> git rev-parse --symbolic-full-name main@{u}
> git rev-list --left-right main...refs/remotes/origin/main
> git for-each-ref --sort -committerdate --format %(refname) %(objectname) %(*objectname)
> git remote --verbose
> git config --get commit.template
> git status -z -u
> git symbolic-ref --short HEAD
> git rev-parse main
> git rev-parse --symbolic-full-name main@{u}
> git rev-list --left-right main...refs/remotes/origin/main
> git for-each-ref --sort -committerdate --format %(refname) %(objectname) %(*objectname)
> git remote --verbose
> git config --get commit.template
> git status -z -u
> git symbolic-ref --short HEAD
> git rev-parse main
> git rev-parse --symbolic-full-name main@{u}
> git rev-list --left-right main...refs/remotes/origin/main
> git for-each-ref --sort -committerdate --format %(refname) %(objectname) %(*objectname)
> git remote --verbose
> git config --get commit.template
> git status -z -u
> git symbolic-ref --short HEAD
> git rev-parse main
> git rev-parse --symbolic-full-name main@{u}
> git rev-list --left-right main...refs/remotes/origin/main
> git for-each-ref --sort -committerdate --format %(refname) %(objectname) %(*objectname)
> git remote --verbose
> git config --get commit.template
> git status -z -u
> git symbolic-ref --short HEAD
> git rev-parse main
> git rev-parse --symbolic-full-name main@{u}
> git rev-list --left-right main...refs/remotes/origin/main
> git for-each-ref --sort -committerdate --format %(refname) %(objectname) %(*objectname)
> git remote --verbose
> git config --get commit.template
> git status -z -u
> git symbolic-ref --short HEAD
> git rev-parse main
> git rev-parse --symbolic-full-name main@{u}
> git rev-list --left-right main...refs/remotes/origin/main
> git for-each-ref --sort -committerdate --format %(refname) %(objectname) %(*objectname)
> git remote --verbose
> git config --get commit.template
> git status -z -u
> git symbolic-ref --short HEAD
> git rev-parse main
> git rev-parse --symbolic-full-name main@{u}
> git rev-list --left-right main...refs/remotes/origin/main
> git for-each-ref --sort -committerdate --format %(refname) %(objectname) %(*objectname)
> git remote --verbose
> git config --get commit.template
> git status -z -u
> git symbolic-ref --short HEAD
> git rev-parse main
> git rev-parse --symbolic-full-name main@{u}
> git rev-list --left-right main...refs/remotes/origin/main
> git for-each-ref --sort -committerdate --format %(refname) %(objectname) %(*objectname)
> git remote --verbose
> git config --get commit.template
> git status -z -u
> git symbolic-ref --short HEAD
> git rev-parse main
> git rev-parse --symbolic-full-name main@{u}
> git rev-list --left-right main...refs/remotes/origin/main
> git for-each-ref --sort -committerdate --format %(refname) %(objectname) %(*objectname)
> git remote --verbose
> git config --get commit.template
> git status -z -u
> git symbolic-ref --short HEAD
> git rev-parse main
> git rev-parse --symbolic-full-name main@{u}
> git rev-list --left-right main...refs/remotes/origin/main
> git for-each-ref --sort -committerdate --format %(refname) %(objectname) %(*objectname)
> git remote --verbose
> git config --get commit.template
> git status -z -u
> git symbolic-ref --short HEAD
> git rev-parse main
> git rev-parse --symbolic-full-name main@{u}
> git rev-list --left-right main...refs/remotes/origin/main
> git for-each-ref --sort -committerdate --format %(refname) %(objectname) %(*objectname)
> git remote --verbose
> git config --get commit.template
> git status -z -u
> git symbolic-ref --short HEAD
> git rev-parse main
> git rev-parse --symbolic-full-name main@{u}
> git rev-list --left-right main...refs/remotes/origin/main
> git for-each-ref --sort -committerdate --format %(refname) %(objectname) %(*objectname)
> git remote --verbose
> git config --get commit.template
> git status -z -u
> git symbolic-ref --short HEAD
> git rev-parse main
> git rev-parse --symbolic-full-name main@{u}
> git rev-list --left-right main...refs/remotes/origin/main
> git for-each-ref --sort -committerdate --format %(refname) %(objectname) %(*objectname)
> git remote --verbose
> git config --get commit.template
> git status -z -u
> git symbolic-ref --short HEAD
> git rev-parse main
> git rev-parse --symbolic-full-name main@{u}
> git rev-list --left-right main...refs/remotes/origin/main
> git for-each-ref --sort -committerdate --format %(refname) %(objectname) %(*objectname)
> git remote --verbose
> git config --get commit.template
> git status -z -u
> git symbolic-ref --short HEAD
> git rev-parse main
> git rev-parse --symbolic-full-name main@{u}
> git rev-list --left-right main...refs/remotes/origin/main
> git for-each-ref --sort -committerdate --format %(refname) %(objectname) %(*objectname)
> git remote --verbose
> git config --get commit.template
> git status -z -u
> git symbolic-ref --short HEAD
> git rev-parse main
> git rev-parse --symbolic-full-name main@{u}
> git rev-list --left-right main...refs/remotes/origin/main
> git for-each-ref --sort -committerdate --format %(refname) %(objectname) %(*objectname)
> git remote --verbose
> git config --get commit.template
> git status -z -u
> git symbolic-ref --short HEAD
> git rev-parse main
> git rev-parse --symbolic-full-name main@{u}
> git rev-list --left-right main...refs/remotes/origin/main
> git for-each-ref --sort -committerdate --format %(refname) %(objectname) %(*objectname)
> git remote --verbose
> git config --get commit.template
> git status -z -u
> git symbolic-ref --short HEAD
> git rev-parse main
> git rev-parse --symbolic-full-name main@{u}
> git rev-list --left-right main...refs/remotes/origin/main
> git for-each-ref --sort -committerdate --format %(refname) %(objectname) %(*objectname)
> git remote --verbose
> git config --get commit.template
> git check-ignore -v -z --stdin
> git status -z -u
> git symbolic-ref --short HEAD
> git rev-parse main
> git rev-parse --symbolic-full-name main@{u}
> git rev-list --left-right main...refs/remotes/origin/main
> git for-each-ref --sort -committerdate --format %(refname) %(objectname) %(*objectname)
> git remote --verbose
> git config --get commit.template
> git status -z -u
> git symbolic-ref --short HEAD
> git rev-parse main
> git rev-parse --symbolic-full-name main@{u}
> git rev-list --left-right main...refs/remotes/origin/main
> git for-each-ref --sort -committerdate --format %(refname) %(objectname) %(*objectname)
> git remote --verbose
> git config --get commit.template
